# JRE version: OpenJDK Runtime Environment (8.0_151-b12) (build 1.8.0_151-8u151-b12-0ubuntu0.16.04.2-b12)
# Java VM: OpenJDK 64-Bit Server VM (25.151-b12 mixed mode linux-amd64 compressed oops)
Heap:
 garbage-first heap   total 277504K, used 205798K [0x00000000c0000000, 0x00000000c0100878, 0x0000000100000000)
  region size 1024K, 35 young (35840K), 4 survivors (4096K)
 Metaspace       used 181331K, capacity 198938K, committed 200092K, reserved 1224704K
  class space    used 20395K, capacity 25203K, committed 25572K, reserved 1048576K
GC Heap History (10 events):
Event: 21115.641 GC heap before
{Heap before GC invocations=1090 (full 0):
 garbage-first heap   total 277504K, used 244819K [0x00000000c0000000, 0x00000000c0100878, 0x0000000100000000)
  region size 1024K, 104 young (106496K), 2 survivors (2048K)
 Metaspace       used 181036K, capacity 198572K, committed 198812K, reserved 1222656K
  class space    used 20411K, capacity 25288K, committed 25316K, reserved 1048576K
Event: 21115.657 GC heap after
Heap after GC invocations=1091 (full 0):
 garbage-first heap   total 277504K, used 141079K [0x00000000c0000000, 0x00000000c0100878, 0x0000000100000000)
  region size 1024K, 3 young (3072K), 3 survivors (3072K)
 Metaspace       used 181036K, capacity 198572K, committed 198812K, reserved 1222656K
  class space    used 20411K, capacity 25288K, committed 25316K, reserved 1048576K
}
Event: 21150.759 GC heap before
{Heap before GC invocations=1092 (full 0):
 garbage-first heap   total 277504K, used 243479K [0x00000000c0000000, 0x00000000c0100878, 0x0000000100000000)
  region size 1024K, 103 young (105472K), 3 survivors (3072K)
 Metaspace       used 181036K, capacity 198572K, committed 198812K, reserved 1222656K
  class space    used 20411K, capacity 25288K, committed 25316K, reserved 1048576K
Event: 21150.783 GC heap after
Heap after GC invocations=1093 (full 0):
 garbage-first heap   total 277504K, used 141864K [0x00000000c0000000, 0x00000000c0100878, 0x0000000100000000)
  region size 1024K, 4 young (4096K), 4 survivors (4096K)
 Metaspace       used 181036K, capacity 198572K, committed 198812K, reserved 1222656K
  class space    used 20411K, capacity 25288K, committed 25316K, reserved 1048576K
}
Event: 21210.434 GC heap before
{Heap before GC invocations=1093 (full 0):
 garbage-first heap   total 277504K, used 151080K [0x00000000c0000000, 0x00000000c0100878, 0x0000000100000000)
  region size 1024K, 13 young (13312K), 4 survivors (4096K)
 Metaspace       used 181040K, capacity 198572K, committed 198812K, reserved 1222656K
  class space    used 20411K, capacity 25288K, committed 25316K, reserved 1048576K
Event: 21210.460 GC heap after
Heap after GC invocations=1094 (full 0):
 garbage-first heap   total 277504K, used 141440K [0x00000000c0000000, 0x00000000c0100878, 0x0000000100000000)
  region size 1024K, 2 young (2048K), 2 survivors (2048K)
 Metaspace       used 181040K, capacity 198572K, committed 198812K, reserved 1222656K
  class space    used 20411K, capacity 25288K, committed 25316K, reserved 1048576K
}
Event: 21215.721 GC heap before
{Heap before GC invocations=1094 (full 0):
 garbage-first heap   total 277504K, used 244864K [0x00000000c0000000, 0x00000000c0100878, 0x0000000100000000)
  region size 1024K, 103 young (105472K), 2 survivors (2048K)
 Metaspace       used 181563K, capacity 199282K, committed 199452K, reserved 1222656K
  class space    used 20496K, capacity 25437K, committed 25444K, reserved 1048576K
Event: 21215.741 GC heap after
Heap after GC invocations=1095 (full 0):
 garbage-first heap   total 277504K, used 141202K [0x00000000c0000000, 0x00000000c0100878, 0x0000000100000000)
  region size 1024K, 2 young (2048K), 2 survivors (2048K)
 Metaspace       used 181563K, capacity 199282K, committed 199452K, reserved 1222656K
  class space    used 20496K, capacity 25437K, committed 25444K, reserved 1048576K
}
Event: 21217.069 GC heap before
{Heap before GC invocations=1095 (full 0):
 garbage-first heap   total 277504K, used 154514K [0x00000000c0000000, 0x00000000c0100878, 0x0000000100000000)
  region size 1024K, 16 young (16384K), 2 survivors (2048K)
 Metaspace       used 181928K, capacity 199772K, committed 200092K, reserved 1224704K
  class space    used 20538K, capacity 25506K, committed 25572K, reserved 1048576K
Event: 21217.090 GC heap after
Heap after GC invocations=1096 (full 0):
 garbage-first heap   total 277504K, used 142810K [0x00000000c0000000, 0x00000000c0100878, 0x0000000100000000)
  region size 1024K, 4 young (4096K), 4 survivors (4096K)
 Metaspace       used 181928K, capacity 199772K, committed 200092K, reserved 1224704K
  class space    used 20538K, capacity 25506K, committed 25572K, reserved 1048576K
}

